<?xml version="1.0" encoding="UTF-8"?>
<!-- Generated by org.testng.reporters.JUnitReportReporter -->
<testsuite skipped="0" hostname="DESKTOP-FPOLTED" name="testcases.VedioGameTestCases" tests="5" failures="0" timestamp="2020-11-30T23:33:06 IST" time="4.136" errors="0">
  <testcase name="getAllVedioGame" time="1.982" classname="testcases.VedioGameTestCases"/>
  <system-out/>
  <testcase name="PostAddNewVedioGame" time="0.694" classname="testcases.VedioGameTestCases"/>
  <system-out/>
  <testcase name="getVedioGameById" time="1.317" classname="testcases.VedioGameTestCases"/>
  <system-out/>
  <testcase name="updateVedioGame" time="0.106" classname="testcases.VedioGameTestCases"/>
  <system-out/>
  <testcase name="DeleteVedioGame" time="0.037" classname="testcases.VedioGameTestCases"/>
  <system-out/>
</testsuite> <!-- testcases.VedioGameTestCases -->
